{"/Volumes/src/pnpm/pnpm/fix-11042/building/commands/lib/index.js": {"path":"/Volumes/src/pnpm/pnpm/fix-11042/building/commands/lib/index.js","statementMap":{},"fnMap":{},"branchMap":{},"s":{},"f":{},"b":{},"inputSourceMap":null,"_coverageSchema":"1a1c01bbd47fc00a2c39e90264f33305004495a9","hash":"acaa917a614e5cd3e6202b2911eb076d7638d850"}
,"/Volumes/src/pnpm/pnpm/fix-11042/building/commands/lib/build/index.js": {"path":"/Volumes/src/pnpm/pnpm/fix-11042/building/commands/lib/build/index.js","statementMap":{},"fnMap":{},"branchMap":{},"s":{},"f":{},"b":{},"inputSourceMap":null,"_coverageSchema":"1a1c01bbd47fc00a2c39e90264f33305004495a9","hash":"8723d782e81456ca2f22162309c6e0bb7f391002"}
,"/Volumes/src/pnpm/pnpm/fix-11042/building/commands/lib/build/rebuild.js": {"path":"/Volumes/src/pnpm/pnpm/fix-11042/building/commands/lib/build/rebuild.js","statementMap":{"0":{"start":{"line":10,"column":4},"end":{"line":18,"column":6}},"1":{"start":{"line":21,"column":4},"end":{"line":25,"column":6}},"2":{"start":{"line":27,"column":28},"end":{"line":27,"column":45}},"3":{"start":{"line":29,"column":4},"end":{"line":58,"column":7}},"4":{"start":{"line":61,"column":4},"end":{"line":64,"column":5}},"5":{"start":{"line":62,"column":8},"end":{"line":62,"column":154}},"6":{"start":{"line":63,"column":8},"end":{"line":63,"column":15}},"7":{"start":{"line":65,"column":18},"end":{"line":65,"column":51}},"8":{"start":{"line":66,"column":24},"end":{"line":71,"column":6}},"9":{"start":{"line":72,"column":4},"end":{"line":81,"column":5}},"10":{"start":{"line":73,"column":8},"end":{"line":79,"column":24}},"11":{"start":{"line":80,"column":8},"end":{"line":80,"column":15}},"12":{"start":{"line":82,"column":4},"end":{"line":88,"column":28}}},"fnMap":{"0":{"name":"rcOptionsTypes","decl":{"start":{"line":9,"column":16},"end":{"line":9,"column":30}},"loc":{"start":{"line":9,"column":33},"end":{"line":19,"column":1}},"line":9},"1":{"name":"cliOptionsTypes","decl":{"start":{"line":20,"column":16},"end":{"line":20,"column":31}},"loc":{"start":{"line":20,"column":34},"end":{"line":26,"column":1}},"line":20},"2":{"name":"help","decl":{"start":{"line":28,"column":16},"end":{"line":28,"column":20}},"loc":{"start":{"line":28,"column":23},"end":{"line":59,"column":1}},"line":28},"3":{"name":"handler","decl":{"start":{"line":60,"column":22},"end":{"line":60,"column":29}},"loc":{"start":{"line":60,"column":44},"end":{"line":89,"column":1}},"line":60}},"branchMap":{"0":{"loc":{"start":{"line":61,"column":4},"end":{"line":64,"column":5}},"type":"if","locations":[{"start":{"line":61,"column":4},"end":{"line":64,"column":5}},{"start":{},"end":{}}],"line":61},"1":{"loc":{"start":{"line":61,"column":8},"end":{"line":61,"column":113}},"type":"binary-expr","locations":[{"start":{"line":61,"column":8},"end":{"line":61,"column":22}},{"start":{"line":61,"column":27},"end":{"line":61,"column":51}},{"start":{"line":61,"column":57},"end":{"line":61,"column":91}},{"start":{"line":61,"column":96},"end":{"line":61,"column":113}}],"line":61},"2":{"loc":{"start":{"line":67,"column":30},"end":{"line":67,"column":84}},"type":"binary-expr","locations":[{"start":{"line":67,"column":30},"end":{"line":67,"column":51}},{"start":{"line":67,"column":55},"end":{"line":67,"column":84}}],"line":67},"3":{"loc":{"start":{"line":72,"column":4},"end":{"line":81,"column":5}},"type":"if","locations":[{"start":{"line":72,"column":4},"end":{"line":81,"column":5}},{"start":{},"end":{}}],"line":72}},"s":{"0":0,"1":0,"2":1,"3":0,"4":8,"5":0,"6":0,"7":8,"8":8,"9":8,"10":0,"11":0,"12":8},"f":{"0":0,"1":0,"2":0,"3":8},"b":{"0":[0,8],"1":[8,0,0,0],"2":[8,0],"3":[0,8]},"inputSourceMap":null,"_coverageSchema":"1a1c01bbd47fc00a2c39e90264f33305004495a9","hash":"109403d51b5c43aa7a5c417f5f76038f92ed2a7a"}
,"/Volumes/src/pnpm/pnpm/fix-11042/building/commands/lib/build/recursive.js": {"path":"/Volumes/src/pnpm/pnpm/fix-11042/building/commands/lib/build/recursive.js","statementMap":{"0":{"start":{"line":11,"column":4},"end":{"line":14,"column":5}},"1":{"start":{"line":13,"column":8},"end":{"line":13,"column":15}},"2":{"start":{"line":15,"column":17},"end":{"line":15,"column":88}},"3":{"start":{"line":15,"column":74},"end":{"line":15,"column":87}},"4":{"start":{"line":16,"column":4},"end":{"line":18,"column":5}},"5":{"start":{"line":17,"column":8},"end":{"line":17,"column":15}},"6":{"start":{"line":19,"column":28},"end":{"line":19,"column":30}},"7":{"start":{"line":20,"column":4},"end":{"line":22,"column":5}},"8":{"start":{"line":21,"column":8},"end":{"line":21,"column":70}},"9":{"start":{"line":23,"column":24},"end":{"line":23,"column":79}},"10":{"start":{"line":24,"column":19},"end":{"line":26,"column":58}},"11":{"start":{"line":27,"column":18},"end":{"line":27,"column":51}},"12":{"start":{"line":28,"column":24},"end":{"line":34,"column":6}},"13":{"start":{"line":35,"column":19},"end":{"line":35,"column":21}},"14":{"start":{"line":36,"column":32},"end":{"line":36,"column":69}},"15":{"start":{"line":38,"column":26},"end":{"line":38,"column":28}},"16":{"start":{"line":39,"column":8},"end":{"line":50,"column":12}},"17":{"start":{"line":40,"column":12},"end":{"line":42,"column":13}},"18":{"start":{"line":41,"column":16},"end":{"line":41,"column":90}},"19":{"start":{"line":41,"column":55},"end":{"line":41,"column":88}},"20":{"start":{"line":43,"column":12},"end":{"line":49,"column":16}},"21":{"start":{"line":44,"column":16},"end":{"line":48,"column":19}},"22":{"start":{"line":51,"column":8},"end":{"line":51,"column":25}},"23":{"start":{"line":53,"column":21},"end":{"line":55,"column":73}},"24":{"start":{"line":55,"column":31},"end":{"line":55,"column":73}},"25":{"start":{"line":57,"column":4},"end":{"line":64,"column":5}},"26":{"start":{"line":58,"column":26},"end":{"line":58,"column":46}},"27":{"start":{"line":59,"column":8},"end":{"line":62,"column":11}},"28":{"start":{"line":63,"column":8},"end":{"line":63,"column":15}},"29":{"start":{"line":65,"column":25},"end":{"line":65,"column":83}},"30":{"start":{"line":66,"column":4},"end":{"line":112,"column":5}},"31":{"start":{"line":68,"column":8},"end":{"line":111,"column":13}},"32":{"start":{"line":68,"column":55},"end":{"line":111,"column":10}},"33":{"start":{"line":69,"column":12},"end":{"line":110,"column":13}},"34":{"start":{"line":70,"column":16},"end":{"line":72,"column":17}},"35":{"start":{"line":71,"column":20},"end":{"line":71,"column":27}},"36":{"start":{"line":73,"column":16},"end":{"line":73,"column":56}},"37":{"start":{"line":74,"column":37},"end":{"line":74,"column":80}},"38":{"start":{"line":75,"column":36},"end":{"line":75,"column":98}},"39":{"start":{"line":76,"column":16},"end":{"line":91,"column":19}},"40":{"start":{"line":92,"column":16},"end":{"line":92,"column":50}},"41":{"start":{"line":95,"column":16},"end":{"line":95,"column":54}},"42":{"start":{"line":96,"column":38},"end":{"line":98,"column":18}},"43":{"start":{"line":99,"column":16},"end":{"line":99,"column":43}},"44":{"start":{"line":100,"column":16},"end":{"line":108,"column":17}},"45":{"start":{"line":101,"column":20},"end":{"line":106,"column":22}},"46":{"start":{"line":107,"column":20},"end":{"line":107,"column":27}},"47":{"start":{"line":109,"column":16},"end":{"line":109,"column":26}},"48":{"start":{"line":113,"column":4},"end":{"line":113,"column":24}}},"fnMap":{"0":{"name":"recursiveRebuild","decl":{"start":{"line":10,"column":22},"end":{"line":10,"column":38}},"loc":{"start":{"line":10,"column":66},"end":{"line":114,"column":1}},"line":10},"1":{"name":"(anonymous_1)","decl":{"start":{"line":15,"column":63},"end":{"line":15,"column":64}},"loc":{"start":{"line":15,"column":74},"end":{"line":15,"column":87}},"line":15},"2":{"name":"getImporters","decl":{"start":{"line":37,"column":19},"end":{"line":37,"column":31}},"loc":{"start":{"line":37,"column":34},"end":{"line":52,"column":5}},"line":37},"3":{"name":"(anonymous_3)","decl":{"start":{"line":39,"column":37},"end":{"line":39,"column":38}},"loc":{"start":{"line":39,"column":69},"end":{"line":50,"column":9}},"line":39},"4":{"name":"(anonymous_4)","decl":{"start":{"line":41,"column":43},"end":{"line":41,"column":44}},"loc":{"start":{"line":41,"column":55},"end":{"line":41,"column":88}},"line":41},"5":{"name":"(anonymous_5)","decl":{"start":{"line":43,"column":44},"end":{"line":43,"column":45}},"loc":{"start":{"line":43,"column":62},"end":{"line":49,"column":13}},"line":43},"6":{"name":"(anonymous_6)","decl":{"start":{"line":55,"column":10},"end":{"line":55,"column":11}},"loc":{"start":{"line":55,"column":31},"end":{"line":55,"column":73}},"line":55},"7":{"name":"(anonymous_7)","decl":{"start":{"line":68,"column":36},"end":{"line":68,"column":37}},"loc":{"start":{"line":68,"column":55},"end":{"line":111,"column":10}},"line":68},"8":{"name":"(anonymous_8)","decl":{"start":{"line":68,"column":68},"end":{"line":68,"column":69}},"loc":{"start":{"line":68,"column":80},"end":{"line":111,"column":9}},"line":68}},"branchMap":{"0":{"loc":{"start":{"line":11,"column":4},"end":{"line":14,"column":5}},"type":"if","locations":[{"start":{"line":11,"column":4},"end":{"line":14,"column":5}},{"start":{},"end":{}}],"line":11},"1":{"loc":{"start":{"line":16,"column":4},"end":{"line":18,"column":5}},"type":"if","locations":[{"start":{"line":16,"column":4},"end":{"line":18,"column":5}},{"start":{},"end":{}}],"line":16},"2":{"loc":{"start":{"line":24,"column":19},"end":{"line":26,"column":58}},"type":"cond-expr","locations":[{"start":{"line":25,"column":10},"end":{"line":25,"column":50}},{"start":{"line":26,"column":10},"end":{"line":26,"column":58}}],"line":24},"3":{"loc":{"start":{"line":30,"column":32},"end":{"line":31,"column":46}},"type":"binary-expr","locations":[{"start":{"line":30,"column":34},"end":{"line":30,"column":62}},{"start":{"line":30,"column":67},"end":{"line":30,"column":98}},{"start":{"line":31,"column":12},"end":{"line":31,"column":46}}],"line":30},"4":{"loc":{"start":{"line":36,"column":32},"end":{"line":36,"column":69}},"type":"binary-expr","locations":[{"start":{"line":36,"column":32},"end":{"line":36,"column":63}},{"start":{"line":36,"column":67},"end":{"line":36,"column":69}}],"line":36},"5":{"loc":{"start":{"line":40,"column":12},"end":{"line":42,"column":13}},"type":"if","locations":[{"start":{"line":40,"column":12},"end":{"line":42,"column":13}},{"start":{},"end":{}}],"line":40},"6":{"loc":{"start":{"line":53,"column":21},"end":{"line":55,"column":73}},"type":"cond-expr","locations":[{"start":{"line":54,"column":10},"end":{"line":54,"column":20}},{"start":{"line":55,"column":10},"end":{"line":55,"column":73}}],"line":53},"7":{"loc":{"start":{"line":57,"column":4},"end":{"line":64,"column":5}},"type":"if","locations":[{"start":{"line":57,"column":4},"end":{"line":64,"column":5}},{"start":{},"end":{}}],"line":57},"8":{"loc":{"start":{"line":70,"column":16},"end":{"line":72,"column":17}},"type":"if","locations":[{"start":{"line":70,"column":16},"end":{"line":72,"column":17}},{"start":{},"end":{}}],"line":70},"9":{"loc":{"start":{"line":75,"column":36},"end":{"line":75,"column":98}},"type":"cond-expr","locations":[{"start":{"line":75,"column":52},"end":{"line":75,"column":86}},{"start":{"line":75,"column":89},"end":{"line":75,"column":98}}],"line":75},"10":{"loc":{"start":{"line":100,"column":16},"end":{"line":108,"column":17}},"type":"if","locations":[{"start":{"line":100,"column":16},"end":{"line":108,"column":17}},{"start":{},"end":{}}],"line":100}},"s":{"0":0,"1":0,"2":0,"3":0,"4":0,"5":0,"6":0,"7":0,"8":0,"9":0,"10":0,"11":0,"12":0,"13":0,"14":0,"15":0,"16":0,"17":0,"18":0,"19":0,"20":0,"21":0,"22":0,"23":0,"24":0,"25":0,"26":0,"27":0,"28":0,"29":0,"30":0,"31":0,"32":0,"33":0,"34":0,"35":0,"36":0,"37":0,"38":0,"39":0,"40":0,"41":0,"42":0,"43":0,"44":0,"45":0,"46":0,"47":0,"48":0},"f":{"0":0,"1":0,"2":0,"3":0,"4":0,"5":0,"6":0,"7":0,"8":0},"b":{"0":[0,0],"1":[0,0],"2":[0,0],"3":[0,0,0],"4":[0,0],"5":[0,0],"6":[0,0],"7":[0,0],"8":[0,0],"9":[0,0],"10":[0,0]},"inputSourceMap":null,"_coverageSchema":"1a1c01bbd47fc00a2c39e90264f33305004495a9","hash":"f32b5e4a3595bf53c171cc9b3fbe9323743fb440"}
,"/Volumes/src/pnpm/pnpm/fix-11042/building/commands/lib/policy/approveBuilds.js": {"path":"/Volumes/src/pnpm/pnpm/fix-11042/building/commands/lib/policy/approveBuilds.js","statementMap":{"0":{"start":{"line":13,"column":28},"end":{"line":13,"column":46}},"1":{"start":{"line":15,"column":4},"end":{"line":32,"column":7}},"2":{"start":{"line":35,"column":4},"end":{"line":38,"column":6}},"3":{"start":{"line":41,"column":4},"end":{"line":41,"column":14}},"4":{"start":{"line":44,"column":4},"end":{"line":49,"column":5}},"5":{"start":{"line":45,"column":8},"end":{"line":48,"column":11}},"6":{"start":{"line":50,"column":4},"end":{"line":52,"column":5}},"7":{"start":{"line":51,"column":8},"end":{"line":51,"column":106}},"8":{"start":{"line":53,"column":73},"end":{"line":53,"column":114}},"9":{"start":{"line":54,"column":4},"end":{"line":57,"column":5}},"10":{"start":{"line":55,"column":8},"end":{"line":55,"column":62}},"11":{"start":{"line":56,"column":8},"end":{"line":56,"column":15}},"12":{"start":{"line":58,"column":19},"end":{"line":58,"column":21}},"13":{"start":{"line":59,"column":21},"end":{"line":59,"column":23}},"14":{"start":{"line":60,"column":20},"end":{"line":60,"column":22}},"15":{"start":{"line":61,"column":4},"end":{"line":72,"column":5}},"16":{"start":{"line":62,"column":21},"end":{"line":62,"column":55}},"17":{"start":{"line":63,"column":8},"end":{"line":71,"column":9}},"18":{"start":{"line":64,"column":12},"end":{"line":64,"column":31}},"19":{"start":{"line":66,"column":13},"end":{"line":71,"column":9}},"20":{"start":{"line":67,"column":12},"end":{"line":67,"column":30}},"21":{"start":{"line":70,"column":12},"end":{"line":70,"column":32}},"22":{"start":{"line":73,"column":4},"end":{"line":75,"column":5}},"23":{"start":{"line":74,"column":8},"end":{"line":74,"column":138}},"24":{"start":{"line":76,"column":27},"end":{"line":76,"column":69}},"25":{"start":{"line":76,"column":50},"end":{"line":76,"column":68}},"26":{"start":{"line":77,"column":4},"end":{"line":79,"column":5}},"27":{"start":{"line":78,"column":8},"end":{"line":78,"column":150}},"28":{"start":{"line":80,"column":24},"end":{"line":80,"column":26}},"29":{"start":{"line":81,"column":4},"end":{"line":124,"column":5}},"30":{"start":{"line":82,"column":8},"end":{"line":82,"column":57}},"31":{"start":{"line":84,"column":9},"end":{"line":124,"column":5}},"32":{"start":{"line":85,"column":8},"end":{"line":85,"column":75}},"33":{"start":{"line":88,"column":27},"end":{"line":122,"column":10}},"34":{"start":{"line":91,"column":16},"end":{"line":91,"column":56}},"35":{"start":{"line":100,"column":16},"end":{"line":100,"column":37}},"36":{"start":{"line":110,"column":16},"end":{"line":110,"column":35}},"37":{"start":{"line":113,"column":16},"end":{"line":113,"column":33}},"38":{"start":{"line":120,"column":16},"end":{"line":120,"column":32}},"39":{"start":{"line":123,"column":8},"end":{"line":123,"column":57}},"40":{"start":{"line":123,"column":50},"end":{"line":123,"column":55}},"41":{"start":{"line":125,"column":24},"end":{"line":125,"column":47}},"42":{"start":{"line":126,"column":4},"end":{"line":142,"column":5}},"43":{"start":{"line":127,"column":8},"end":{"line":129,"column":9}},"44":{"start":{"line":128,"column":12},"end":{"line":128,"column":36}},"45":{"start":{"line":130,"column":8},"end":{"line":132,"column":9}},"46":{"start":{"line":131,"column":12},"end":{"line":131,"column":37}},"47":{"start":{"line":135,"column":32},"end":{"line":135,"column":148}},"48":{"start":{"line":135,"column":97},"end":{"line":135,"column":147}},"49":{"start":{"line":136,"column":8},"end":{"line":138,"column":9}},"50":{"start":{"line":137,"column":12},"end":{"line":137,"column":37}},"51":{"start":{"line":139,"column":8},"end":{"line":141,"column":9}},"52":{"start":{"line":140,"column":12},"end":{"line":140,"column":36}},"53":{"start":{"line":143,"column":4},"end":{"line":159,"column":5}},"54":{"start":{"line":144,"column":8},"end":{"line":158,"column":9}},"55":{"start":{"line":145,"column":30},"end":{"line":151,"column":14}},"56":{"start":{"line":152,"column":12},"end":{"line":154,"column":13}},"57":{"start":{"line":153,"column":16},"end":{"line":153,"column":23}},"58":{"start":{"line":157,"column":12},"end":{"line":157,"column":83}},"59":{"start":{"line":160,"column":4},"end":{"line":164,"column":7}},"60":{"start":{"line":165,"column":4},"end":{"line":182,"column":5}},"61":{"start":{"line":166,"column":8},"end":{"line":180,"column":9}},"62":{"start":{"line":167,"column":28},"end":{"line":167,"column":61}},"63":{"start":{"line":168,"column":12},"end":{"line":173,"column":13}},"64":{"start":{"line":169,"column":29},"end":{"line":169,"column":59}},"65":{"start":{"line":170,"column":16},"end":{"line":172,"column":17}},"66":{"start":{"line":171,"column":20},"end":{"line":171,"column":66}},"67":{"start":{"line":174,"column":12},"end":{"line":176,"column":13}},"68":{"start":{"line":175,"column":16},"end":{"line":175,"column":53}},"69":{"start":{"line":179,"column":12},"end":{"line":179,"column":49}},"70":{"start":{"line":181,"column":8},"end":{"line":181,"column":64}},"71":{"start":{"line":183,"column":4},"end":{"line":196,"column":5}},"72":{"start":{"line":184,"column":8},"end":{"line":191,"column":9}},"73":{"start":{"line":185,"column":12},"end":{"line":189,"column":15}},"74":{"start":{"line":190,"column":12},"end":{"line":190,"column":19}},"75":{"start":{"line":192,"column":8},"end":{"line":195,"column":26}},"76":{"start":{"line":199,"column":4},"end":{"line":199,"column":55}}},"fnMap":{"0":{"name":"help","decl":{"start":{"line":14,"column":16},"end":{"line":14,"column":20}},"loc":{"start":{"line":14,"column":23},"end":{"line":33,"column":1}},"line":14},"1":{"name":"cliOptionsTypes","decl":{"start":{"line":34,"column":16},"end":{"line":34,"column":31}},"loc":{"start":{"line":34,"column":34},"end":{"line":39,"column":1}},"line":34},"2":{"name":"rcOptionsTypes","decl":{"start":{"line":40,"column":16},"end":{"line":40,"column":30}},"loc":{"start":{"line":40,"column":33},"end":{"line":42,"column":1}},"line":40},"3":{"name":"handler","decl":{"start":{"line":43,"column":22},"end":{"line":43,"column":29}},"loc":{"start":{"line":43,"column":49},"end":{"line":197,"column":1}},"line":43},"4":{"name":"(anonymous_4)","decl":{"start":{"line":76,"column":43},"end":{"line":76,"column":44}},"loc":{"start":{"line":76,"column":50},"end":{"line":76,"column":68}},"line":76},"5":{"name":"(anonymous_5)","decl":{"start":{"line":90,"column":12},"end":{"line":90,"column":13}},"loc":{"start":{"line":90,"column":37},"end":{"line":92,"column":13}},"line":90},"6":{"name":"(anonymous_6)","decl":{"start":{"line":99,"column":12},"end":{"line":99,"column":13}},"loc":{"start":{"line":99,"column":21},"end":{"line":101,"column":13}},"line":99},"7":{"name":"(anonymous_7)","decl":{"start":{"line":109,"column":12},"end":{"line":109,"column":13}},"loc":{"start":{"line":109,"column":16},"end":{"line":111,"column":13}},"line":109},"8":{"name":"(anonymous_8)","decl":{"start":{"line":112,"column":12},"end":{"line":112,"column":13}},"loc":{"start":{"line":112,"column":16},"end":{"line":114,"column":13}},"line":112},"9":{"name":"(anonymous_9)","decl":{"start":{"line":115,"column":12},"end":{"line":115,"column":13}},"loc":{"start":{"line":115,"column":21},"end":{"line":121,"column":13}},"line":115},"10":{"name":"(anonymous_10)","decl":{"start":{"line":123,"column":35},"end":{"line":123,"column":36}},"loc":{"start":{"line":123,"column":50},"end":{"line":123,"column":55}},"line":123},"11":{"name":"(anonymous_11)","decl":{"start":{"line":135,"column":66},"end":{"line":135,"column":67}},"loc":{"start":{"line":135,"column":97},"end":{"line":135,"column":147}},"line":135},"12":{"name":"sortUniqueStrings","decl":{"start":{"line":198,"column":9},"end":{"line":198,"column":26}},"loc":{"start":{"line":198,"column":34},"end":{"line":200,"column":1}},"line":198}},"branchMap":{"0":{"loc":{"start":{"line":43,"column":36},"end":{"line":43,"column":47}},"type":"default-arg","locations":[{"start":{"line":43,"column":45},"end":{"line":43,"column":47}}],"line":43},"1":{"loc":{"start":{"line":44,"column":4},"end":{"line":49,"column":5}},"type":"if","locations":[{"start":{"line":44,"column":4},"end":{"line":49,"column":5}},{"start":{},"end":{}}],"line":44},"2":{"loc":{"start":{"line":50,"column":4},"end":{"line":52,"column":5}},"type":"if","locations":[{"start":{"line":50,"column":4},"end":{"line":52,"column":5}},{"start":{},"end":{}}],"line":50},"3":{"loc":{"start":{"line":50,"column":8},"end":{"line":50,"column":33}},"type":"binary-expr","locations":[{"start":{"line":50,"column":8},"end":{"line":50,"column":16}},{"start":{"line":50,"column":20},"end":{"line":50,"column":33}}],"line":50},"4":{"loc":{"start":{"line":54,"column":4},"end":{"line":57,"column":5}},"type":"if","locations":[{"start":{"line":54,"column":4},"end":{"line":57,"column":5}},{"start":{},"end":{}}],"line":54},"5":{"loc":{"start":{"line":62,"column":21},"end":{"line":62,"column":55}},"type":"cond-expr","locations":[{"start":{"line":62,"column":41},"end":{"line":62,"column":51}},{"start":{"line":62,"column":54},"end":{"line":62,"column":55}}],"line":62},"6":{"loc":{"start":{"line":63,"column":8},"end":{"line":71,"column":9}},"type":"if","locations":[{"start":{"line":63,"column":8},"end":{"line":71,"column":9}},{"start":{"line":66,"column":13},"end":{"line":71,"column":9}}],"line":63},"7":{"loc":{"start":{"line":66,"column":13},"end":{"line":71,"column":9}},"type":"if","locations":[{"start":{"line":66,"column":13},"end":{"line":71,"column":9}},{"start":{"line":69,"column":13},"end":{"line":71,"column":9}}],"line":66},"8":{"loc":{"start":{"line":73,"column":4},"end":{"line":75,"column":5}},"type":"if","locations":[{"start":{"line":73,"column":4},"end":{"line":75,"column":5}},{"start":{},"end":{}}],"line":73},"9":{"loc":{"start":{"line":77,"column":4},"end":{"line":79,"column":5}},"type":"if","locations":[{"start":{"line":77,"column":4},"end":{"line":79,"column":5}},{"start":{},"end":{}}],"line":77},"10":{"loc":{"start":{"line":81,"column":4},"end":{"line":124,"column":5}},"type":"if","locations":[{"start":{"line":81,"column":4},"end":{"line":124,"column":5}},{"start":{"line":84,"column":9},"end":{"line":124,"column":5}}],"line":81},"11":{"loc":{"start":{"line":84,"column":9},"end":{"line":124,"column":5}},"type":"if","locations":[{"start":{"line":84,"column":9},"end":{"line":124,"column":5}},{"start":{"line":87,"column":9},"end":{"line":124,"column":5}}],"line":84},"12":{"loc":{"start":{"line":91,"column":27},"end":{"line":91,"column":53}},"type":"cond-expr","locations":[{"start":{"line":91,"column":44},"end":{"line":91,"column":47}},{"start":{"line":91,"column":50},"end":{"line":91,"column":53}}],"line":91},"13":{"loc":{"start":{"line":126,"column":4},"end":{"line":142,"column":5}},"type":"if","locations":[{"start":{"line":126,"column":4},"end":{"line":142,"column":5}},{"start":{"line":134,"column":9},"end":{"line":142,"column":5}}],"line":126},"14":{"loc":{"start":{"line":143,"column":4},"end":{"line":159,"column":5}},"type":"if","locations":[{"start":{"line":143,"column":4},"end":{"line":159,"column":5}},{"start":{},"end":{}}],"line":143},"15":{"loc":{"start":{"line":143,"column":8},"end":{"line":143,"column":35}},"type":"binary-expr","locations":[{"start":{"line":143,"column":8},"end":{"line":143,"column":17}},{"start":{"line":143,"column":21},"end":{"line":143,"column":35}}],"line":143},"16":{"loc":{"start":{"line":144,"column":8},"end":{"line":158,"column":9}},"type":"if","locations":[{"start":{"line":144,"column":8},"end":{"line":158,"column":9}},{"start":{"line":156,"column":13},"end":{"line":158,"column":9}}],"line":144},"17":{"loc":{"start":{"line":152,"column":12},"end":{"line":154,"column":13}},"type":"if","locations":[{"start":{"line":152,"column":12},"end":{"line":154,"column":13}},{"start":{},"end":{}}],"line":152},"18":{"loc":{"start":{"line":162,"column":22},"end":{"line":162,"column":70}},"type":"binary-expr","locations":[{"start":{"line":162,"column":22},"end":{"line":162,"column":39}},{"start":{"line":162,"column":43},"end":{"line":162,"column":70}}],"line":162},"19":{"loc":{"start":{"line":165,"column":4},"end":{"line":182,"column":5}},"type":"if","locations":[{"start":{"line":165,"column":4},"end":{"line":182,"column":5}},{"start":{},"end":{}}],"line":165},"20":{"loc":{"start":{"line":166,"column":8},"end":{"line":180,"column":9}},"type":"if","locations":[{"start":{"line":166,"column":8},"end":{"line":180,"column":9}},{"start":{"line":178,"column":13},"end":{"line":180,"column":9}}],"line":166},"21":{"loc":{"start":{"line":169,"column":29},"end":{"line":169,"column":59}},"type":"binary-expr","locations":[{"start":{"line":169,"column":29},"end":{"line":169,"column":48}},{"start":{"line":169,"column":52},"end":{"line":169,"column":59}}],"line":169},"22":{"loc":{"start":{"line":170,"column":16},"end":{"line":172,"column":17}},"type":"if","locations":[{"start":{"line":170,"column":16},"end":{"line":172,"column":17}},{"start":{},"end":{}}],"line":170},"23":{"loc":{"start":{"line":174,"column":12},"end":{"line":176,"column":13}},"type":"if","locations":[{"start":{"line":174,"column":12},"end":{"line":176,"column":13}},{"start":{},"end":{}}],"line":174},"24":{"loc":{"start":{"line":183,"column":4},"end":{"line":196,"column":5}},"type":"if","locations":[{"start":{"line":183,"column":4},"end":{"line":196,"column":5}},{"start":{},"end":{}}],"line":183},"25":{"loc":{"start":{"line":184,"column":8},"end":{"line":191,"column":9}},"type":"if","locations":[{"start":{"line":184,"column":8},"end":{"line":191,"column":9}},{"start":{},"end":{}}],"line":184}},"s":{"0":1,"1":0,"2":0,"3":0,"4":14,"5":0,"6":14,"7":1,"8":13,"9":13,"10":0,"11":0,"12":13,"13":13,"14":13,"15":13,"16":9,"17":9,"18":2,"19":7,"20":3,"21":4,"22":13,"23":2,"24":11,"25":4,"26":11,"27":1,"28":10,"29":10,"30":4,"31":6,"32":1,"33":5,"34":0,"35":0,"36":0,"37":0,"38":0,"39":5,"40":4,"41":10,"42":10,"43":4,"44":3,"45":4,"46":2,"47":6,"48":12,"49":6,"50":6,"51":6,"52":6,"53":10,"54":5,"55":4,"56":4,"57":0,"58":1,"59":10,"60":10,"61":10,"62":4,"63":4,"64":8,"65":8,"66":5,"67":4,"68":1,"69":6,"70":10,"71":10,"72":8,"73":0,"74":0,"75":8,"76":10},"f":{"0":0,"1":0,"2":0,"3":14,"4":4,"5":0,"6":0,"7":0,"8":0,"9":0,"10":4,"11":12,"12":10},"b":{"0":[6],"1":[0,14],"2":[1,13],"3":[14,2],"4":[0,13],"5":[4,5],"6":[2,7],"7":[3,4],"8":[2,11],"9":[1,10],"10":[4,6],"11":[1,5],"12":[0,0],"13":[4,6],"14":[5,5],"15":[10,9],"16":[4,1],"17":[0,4],"18":[10,6],"19":[10,0],"20":[4,6],"21":[8,0],"22":[5,3],"23":[1,3],"24":[8,2],"25":[0,8]},"inputSourceMap":null,"_coverageSchema":"1a1c01bbd47fc00a2c39e90264f33305004495a9","hash":"eb97a28d8dcb83a8b7fa5baaef5c165a4c737cff"}
,"/Volumes/src/pnpm/pnpm/fix-11042/building/commands/lib/policy/getAutomaticallyIgnoredBuilds.js": {"path":"/Volumes/src/pnpm/pnpm/fix-11042/building/commands/lib/policy/getAutomaticallyIgnoredBuilds.js","statementMap":{"0":{"start":{"line":5,"column":23},"end":{"line":5,"column":42}},"1":{"start":{"line":6,"column":28},"end":{"line":6,"column":65}},"2":{"start":{"line":8,"column":4},"end":{"line":17,"column":5}},"3":{"start":{"line":9,"column":32},"end":{"line":9,"column":41}},"4":{"start":{"line":10,"column":8},"end":{"line":12,"column":9}},"5":{"start":{"line":11,"column":12},"end":{"line":11,"column":64}},"6":{"start":{"line":13,"column":8},"end":{"line":13,"column":65}},"7":{"start":{"line":16,"column":8},"end":{"line":16,"column":42}},"8":{"start":{"line":18,"column":4},"end":{"line":22,"column":6}},"9":{"start":{"line":25,"column":4},"end":{"line":25,"column":86}}},"fnMap":{"0":{"name":"getAutomaticallyIgnoredBuilds","decl":{"start":{"line":4,"column":22},"end":{"line":4,"column":51}},"loc":{"start":{"line":4,"column":58},"end":{"line":23,"column":1}},"line":4},"1":{"name":"getModulesDir","decl":{"start":{"line":24,"column":9},"end":{"line":24,"column":22}},"loc":{"start":{"line":24,"column":29},"end":{"line":26,"column":1}},"line":24}},"branchMap":{"0":{"loc":{"start":{"line":8,"column":4},"end":{"line":17,"column":5}},"type":"if","locations":[{"start":{"line":8,"column":4},"end":{"line":17,"column":5}},{"start":{"line":15,"column":9},"end":{"line":17,"column":5}}],"line":8},"1":{"loc":{"start":{"line":11,"column":32},"end":{"line":11,"column":62}},"type":"binary-expr","locations":[{"start":{"line":11,"column":32},"end":{"line":11,"column":51}},{"start":{"line":11,"column":55},"end":{"line":11,"column":62}}],"line":11},"2":{"loc":{"start":{"line":25,"column":11},"end":{"line":25,"column":85}},"type":"binary-expr","locations":[{"start":{"line":25,"column":11},"end":{"line":25,"column":26}},{"start":{"line":25,"column":30},"end":{"line":25,"column":85}}],"line":25},"3":{"loc":{"start":{"line":25,"column":40},"end":{"line":25,"column":68}},"type":"binary-expr","locations":[{"start":{"line":25,"column":40},"end":{"line":25,"column":56}},{"start":{"line":25,"column":60},"end":{"line":25,"column":68}}],"line":25}},"s":{"0":13,"1":13,"2":13,"3":13,"4":13,"5":23,"6":13,"7":0,"8":13,"9":13},"f":{"0":13,"1":13},"b":{"0":[13,0],"1":[23,0],"2":[13,13],"3":[13,13]},"inputSourceMap":null,"_coverageSchema":"1a1c01bbd47fc00a2c39e90264f33305004495a9","hash":"feef1527320581dbc26e7f94860102c4de0c9644"}
,"/Volumes/src/pnpm/pnpm/fix-11042/building/commands/lib/policy/ignoredBuilds.js": {"path":"/Volumes/src/pnpm/pnpm/fix-11042/building/commands/lib/policy/ignoredBuilds.js","statementMap":{"0":{"start":{"line":3,"column":28},"end":{"line":3,"column":46}},"1":{"start":{"line":5,"column":4},"end":{"line":8,"column":7}},"2":{"start":{"line":11,"column":4},"end":{"line":11,"column":14}},"3":{"start":{"line":14,"column":4},"end":{"line":14,"column":14}},"4":{"start":{"line":17,"column":29},"end":{"line":21,"column":12}},"5":{"start":{"line":19,"column":35},"end":{"line":19,"column":50}},"6":{"start":{"line":20,"column":28},"end":{"line":20,"column":31}},"7":{"start":{"line":22,"column":41},"end":{"line":22,"column":82}},"8":{"start":{"line":23,"column":4},"end":{"line":26,"column":5}},"9":{"start":{"line":24,"column":8},"end":{"line":25,"column":106}},"10":{"start":{"line":25,"column":51},"end":{"line":25,"column":104}},"11":{"start":{"line":27,"column":17},"end":{"line":27,"column":70}},"12":{"start":{"line":28,"column":4},"end":{"line":41,"column":5}},"13":{"start":{"line":29,"column":8},"end":{"line":29,"column":63}},"14":{"start":{"line":31,"column":9},"end":{"line":41,"column":5}},"15":{"start":{"line":32,"column":8},"end":{"line":32,"column":27}},"16":{"start":{"line":35,"column":8},"end":{"line":40,"column":72}},"17":{"start":{"line":42,"column":4},"end":{"line":42,"column":19}},"18":{"start":{"line":43,"column":4},"end":{"line":45,"column":5}},"19":{"start":{"line":44,"column":8},"end":{"line":44,"column":113}},"20":{"start":{"line":46,"column":4},"end":{"line":46,"column":18}}},"fnMap":{"0":{"name":"help","decl":{"start":{"line":4,"column":16},"end":{"line":4,"column":20}},"loc":{"start":{"line":4,"column":23},"end":{"line":9,"column":1}},"line":4},"1":{"name":"cliOptionsTypes","decl":{"start":{"line":10,"column":16},"end":{"line":10,"column":31}},"loc":{"start":{"line":10,"column":34},"end":{"line":12,"column":1}},"line":10},"2":{"name":"rcOptionsTypes","decl":{"start":{"line":13,"column":16},"end":{"line":13,"column":30}},"loc":{"start":{"line":13,"column":33},"end":{"line":15,"column":1}},"line":13},"3":{"name":"handler","decl":{"start":{"line":16,"column":22},"end":{"line":16,"column":29}},"loc":{"start":{"line":16,"column":36},"end":{"line":47,"column":1}},"line":16},"4":{"name":"(anonymous_4)","decl":{"start":{"line":19,"column":20},"end":{"line":19,"column":21}},"loc":{"start":{"line":19,"column":35},"end":{"line":19,"column":50}},"line":19},"5":{"name":"(anonymous_5)","decl":{"start":{"line":20,"column":17},"end":{"line":20,"column":18}},"loc":{"start":{"line":20,"column":28},"end":{"line":20,"column":31}},"line":20},"6":{"name":"(anonymous_6)","decl":{"start":{"line":25,"column":20},"end":{"line":25,"column":21}},"loc":{"start":{"line":25,"column":51},"end":{"line":25,"column":104}},"line":25}},"branchMap":{"0":{"loc":{"start":{"line":17,"column":29},"end":{"line":21,"column":12}},"type":"cond-expr","locations":[{"start":{"line":18,"column":10},"end":{"line":20,"column":32}},{"start":{"line":21,"column":10},"end":{"line":21,"column":12}}],"line":17},"1":{"loc":{"start":{"line":23,"column":4},"end":{"line":26,"column":5}},"type":"if","locations":[{"start":{"line":23,"column":4},"end":{"line":26,"column":5}},{"start":{},"end":{}}],"line":23},"2":{"loc":{"start":{"line":28,"column":4},"end":{"line":41,"column":5}},"type":"if","locations":[{"start":{"line":28,"column":4},"end":{"line":41,"column":5}},{"start":{"line":31,"column":9},"end":{"line":41,"column":5}}],"line":28},"3":{"loc":{"start":{"line":31,"column":9},"end":{"line":41,"column":5}},"type":"if","locations":[{"start":{"line":31,"column":9},"end":{"line":41,"column":5}},{"start":{"line":34,"column":9},"end":{"line":41,"column":5}}],"line":31},"4":{"loc":{"start":{"line":43,"column":4},"end":{"line":45,"column":5}},"type":"if","locations":[{"start":{"line":43,"column":4},"end":{"line":45,"column":5}},{"start":{},"end":{}}],"line":43}},"s":{"0":1,"1":0,"2":0,"3":0,"4":0,"5":0,"6":0,"7":0,"8":0,"9":0,"10":0,"11":0,"12":0,"13":0,"14":0,"15":0,"16":0,"17":0,"18":0,"19":0,"20":0},"f":{"0":0,"1":0,"2":0,"3":0,"4":0,"5":0,"6":0},"b":{"0":[0,0],"1":[0,0],"2":[0,0],"3":[0,0],"4":[0,0]},"inputSourceMap":null,"_coverageSchema":"1a1c01bbd47fc00a2c39e90264f33305004495a9","hash":"ef0424672e27bc67f10294793e09bc24c850c6db"}
,"/Volumes/src/pnpm/pnpm/fix-11042/building/commands/lib/policy/index.js": {"path":"/Volumes/src/pnpm/pnpm/fix-11042/building/commands/lib/policy/index.js","statementMap":{},"fnMap":{},"branchMap":{},"s":{},"f":{},"b":{},"inputSourceMap":null,"_coverageSchema":"1a1c01bbd47fc00a2c39e90264f33305004495a9","hash":"b7c1e824c6bf6b1b530efd90ffa85a2bdb651583"}
}
