TN:
SF:../../../pnpm/fix-11042/building/commands/lib/index.js
FNF:0
FNH:0
LF:0
LH:0
BRF:0
BRH:0
end_of_record
TN:
SF:../../../pnpm/fix-11042/building/commands/lib/build/index.js
FNF:0
FNH:0
LF:0
LH:0
BRF:0
BRH:0
end_of_record
TN:
SF:../../../pnpm/fix-11042/building/commands/lib/build/rebuild.js
FN:9,rcOptionsTypes
FN:20,cliOptionsTypes
FN:28,help
FN:60,handler
FNF:4
FNH:1
FNDA:0,rcOptionsTypes
FNDA:0,cliOptionsTypes
FNDA:0,help
FNDA:8,handler
DA:10,0
DA:21,0
DA:27,1
DA:29,0
DA:61,8
DA:62,0
DA:63,0
DA:65,8
DA:66,8
DA:72,8
DA:73,0
DA:80,0
DA:82,8
LF:13
LH:6
BRDA:61,0,0,0
BRDA:61,0,1,8
BRDA:61,1,0,8
BRDA:61,1,1,0
BRDA:61,1,2,0
BRDA:61,1,3,0
BRDA:67,2,0,8
BRDA:67,2,1,0
BRDA:72,3,0,0
BRDA:72,3,1,8
BRF:10
BRH:4
end_of_record
TN:
SF:../../../pnpm/fix-11042/building/commands/lib/build/recursive.js
FN:10,recursiveRebuild
FN:15,(anonymous_1)
FN:37,getImporters
FN:39,(anonymous_3)
FN:41,(anonymous_4)
FN:43,(anonymous_5)
FN:55,(anonymous_6)
FN:68,(anonymous_7)
FN:68,(anonymous_8)
FNF:9
FNH:0
FNDA:0,recursiveRebuild
FNDA:0,(anonymous_1)
FNDA:0,getImporters
FNDA:0,(anonymous_3)
FNDA:0,(anonymous_4)
FNDA:0,(anonymous_5)
FNDA:0,(anonymous_6)
FNDA:0,(anonymous_7)
FNDA:0,(anonymous_8)
DA:11,0
DA:13,0
DA:15,0
DA:16,0
DA:17,0
DA:19,0
DA:20,0
DA:21,0
DA:23,0
DA:24,0
DA:27,0
DA:28,0
DA:35,0
DA:36,0
DA:38,0
DA:39,0
DA:40,0
DA:41,0
DA:43,0
DA:44,0
DA:51,0
DA:53,0
DA:55,0
DA:57,0
DA:58,0
DA:59,0
DA:63,0
DA:65,0
DA:66,0
DA:68,0
DA:69,0
DA:70,0
DA:71,0
DA:73,0
DA:74,0
DA:75,0
DA:76,0
DA:92,0
DA:95,0
DA:96,0
DA:99,0
DA:100,0
DA:101,0
DA:107,0
DA:109,0
DA:113,0
LF:46
LH:0
BRDA:11,0,0,0
BRDA:11,0,1,0
BRDA:16,1,0,0
BRDA:16,1,1,0
BRDA:24,2,0,0
BRDA:24,2,1,0
BRDA:30,3,0,0
BRDA:30,3,1,0
BRDA:30,3,2,0
BRDA:36,4,0,0
BRDA:36,4,1,0
BRDA:40,5,0,0
BRDA:40,5,1,0
BRDA:53,6,0,0
BRDA:53,6,1,0
BRDA:57,7,0,0
BRDA:57,7,1,0
BRDA:70,8,0,0
BRDA:70,8,1,0
BRDA:75,9,0,0
BRDA:75,9,1,0
BRDA:100,10,0,0
BRDA:100,10,1,0
BRF:23
BRH:0
end_of_record
TN:
SF:../../../pnpm/fix-11042/building/commands/lib/policy/approveBuilds.js
FN:14,help
FN:34,cliOptionsTypes
FN:40,rcOptionsTypes
FN:43,handler
FN:76,(anonymous_4)
FN:90,(anonymous_5)
FN:99,(anonymous_6)
FN:109,(anonymous_7)
FN:112,(anonymous_8)
FN:115,(anonymous_9)
FN:123,(anonymous_10)
FN:135,(anonymous_11)
FN:198,sortUniqueStrings
FNF:13
FNH:5
FNDA:0,help
FNDA:0,cliOptionsTypes
FNDA:0,rcOptionsTypes
FNDA:14,handler
FNDA:4,(anonymous_4)
FNDA:0,(anonymous_5)
FNDA:0,(anonymous_6)
FNDA:0,(anonymous_7)
FNDA:0,(anonymous_8)
FNDA:0,(anonymous_9)
FNDA:4,(anonymous_10)
FNDA:12,(anonymous_11)
FNDA:10,sortUniqueStrings
DA:13,1
DA:15,0
DA:35,0
DA:41,0
DA:44,14
DA:45,0
DA:50,14
DA:51,1
DA:53,13
DA:54,13
DA:55,0
DA:56,0
DA:58,13
DA:59,13
DA:60,13
DA:61,13
DA:62,9
DA:63,9
DA:64,2
DA:66,7
DA:67,3
DA:70,4
DA:73,13
DA:74,2
DA:76,11
DA:77,11
DA:78,1
DA:80,10
DA:81,10
DA:82,4
DA:84,6
DA:85,1
DA:88,5
DA:91,0
DA:100,0
DA:110,0
DA:113,0
DA:120,0
DA:123,5
DA:125,10
DA:126,10
DA:127,4
DA:128,3
DA:130,4
DA:131,2
DA:135,12
DA:136,6
DA:137,6
DA:139,6
DA:140,6
DA:143,10
DA:144,5
DA:145,4
DA:152,4
DA:153,0
DA:157,1
DA:160,10
DA:165,10
DA:166,10
DA:167,4
DA:168,4
DA:169,8
DA:170,8
DA:171,5
DA:174,4
DA:175,1
DA:179,6
DA:181,10
DA:183,10
DA:184,8
DA:185,0
DA:190,0
DA:192,8
DA:199,10
LF:74
LH:60
BRDA:43,0,0,6
BRDA:44,1,0,0
BRDA:44,1,1,14
BRDA:50,2,0,1
BRDA:50,2,1,13
BRDA:50,3,0,14
BRDA:50,3,1,2
BRDA:54,4,0,0
BRDA:54,4,1,13
BRDA:62,5,0,4
BRDA:62,5,1,5
BRDA:63,6,0,2
BRDA:63,6,1,7
BRDA:66,7,0,3
BRDA:66,7,1,4
BRDA:73,8,0,2
BRDA:73,8,1,11
BRDA:77,9,0,1
BRDA:77,9,1,10
BRDA:81,10,0,4
BRDA:81,10,1,6
BRDA:84,11,0,1
BRDA:84,11,1,5
BRDA:91,12,0,0
BRDA:91,12,1,0
BRDA:126,13,0,4
BRDA:126,13,1,6
BRDA:143,14,0,5
BRDA:143,14,1,5
BRDA:143,15,0,10
BRDA:143,15,1,9
BRDA:144,16,0,4
BRDA:144,16,1,1
BRDA:152,17,0,0
BRDA:152,17,1,4
BRDA:162,18,0,10
BRDA:162,18,1,6
BRDA:165,19,0,10
BRDA:165,19,1,0
BRDA:166,20,0,4
BRDA:166,20,1,6
BRDA:169,21,0,8
BRDA:169,21,1,0
BRDA:170,22,0,5
BRDA:170,22,1,3
BRDA:174,23,0,1
BRDA:174,23,1,3
BRDA:183,24,0,8
BRDA:183,24,1,2
BRDA:184,25,0,0
BRDA:184,25,1,8
BRF:51
BRH:43
end_of_record
TN:
SF:../../../pnpm/fix-11042/building/commands/lib/policy/getAutomaticallyIgnoredBuilds.js
FN:4,getAutomaticallyIgnoredBuilds
FN:24,getModulesDir
FNF:2
FNH:2
FNDA:13,getAutomaticallyIgnoredBuilds
FNDA:13,getModulesDir
DA:5,13
DA:6,13
DA:8,13
DA:9,13
DA:10,13
DA:11,23
DA:13,13
DA:16,0
DA:18,13
DA:25,13
LF:10
LH:9
BRDA:8,0,0,13
BRDA:8,0,1,0
BRDA:11,1,0,23
BRDA:11,1,1,0
BRDA:25,2,0,13
BRDA:25,2,1,13
BRDA:25,3,0,13
BRDA:25,3,1,13
BRF:8
BRH:6
end_of_record
TN:
SF:../../../pnpm/fix-11042/building/commands/lib/policy/ignoredBuilds.js
FN:4,help
FN:10,cliOptionsTypes
FN:13,rcOptionsTypes
FN:16,handler
FN:19,(anonymous_4)
FN:20,(anonymous_5)
FN:25,(anonymous_6)
FNF:7
FNH:0
FNDA:0,help
FNDA:0,cliOptionsTypes
FNDA:0,rcOptionsTypes
FNDA:0,handler
FNDA:0,(anonymous_4)
FNDA:0,(anonymous_5)
FNDA:0,(anonymous_6)
DA:3,1
DA:5,0
DA:11,0
DA:14,0
DA:17,0
DA:19,0
DA:20,0
DA:22,0
DA:23,0
DA:24,0
DA:25,0
DA:27,0
DA:28,0
DA:29,0
DA:31,0
DA:32,0
DA:35,0
DA:42,0
DA:43,0
DA:44,0
DA:46,0
LF:21
LH:1
BRDA:17,0,0,0
BRDA:17,0,1,0
BRDA:23,1,0,0
BRDA:23,1,1,0
BRDA:28,2,0,0
BRDA:28,2,1,0
BRDA:31,3,0,0
BRDA:31,3,1,0
BRDA:43,4,0,0
BRDA:43,4,1,0
BRF:10
BRH:0
end_of_record
TN:
SF:../../../pnpm/fix-11042/building/commands/lib/policy/index.js
FNF:0
FNH:0
LF:0
LH:0
BRF:0
BRH:0
end_of_record
